<?xml version="1.0" encoding="UTF-8"?>
<!-- Generated by org.testng.reporters.JUnitXMLReporter -->
<testsuite ignored="3" hostname="LAPTOP-OCIA1DL8" failures="0" tests="1" name="Default test" time="9.227" errors="0" timestamp="2025-08-04T10:50:34 IST">
  <testcase classname="demoPackage.LoginTest" name="loginUsernameIncorrectPasswordCorrect" time="0.892"/>
  <testcase classname="demoPackage.LoginTest" name="loginUsernameCorrectPasswordIncorrect" time="0.0">
    <ignored/>
  </testcase> <!-- loginUsernameCorrectPasswordIncorrect -->
  <testcase classname="demoPackage.LoginTest" name="loginBothCorrect" time="0.0">
    <ignored/>
  </testcase> <!-- loginBothCorrect -->
  <testcase classname="demoPackage.LoginTest" name="loginBothInCorrect" time="0.0">
    <ignored/>
  </testcase> <!-- loginBothInCorrect -->
</testsuite> <!-- Default test -->
