<?xml version="1.0" encoding="UTF-8"?>
<testng-results ignored="0" total="1" passed="1" failed="0" skipped="0">
  <reporter-output>
  </reporter-output>
  <suite started-at="2025-08-04T10:50:25 IST" name="Default suite" finished-at="2025-08-04T10:50:34 IST" duration-ms="9227">
    <groups>
    </groups>
    <test started-at="2025-08-04T10:50:25 IST" name="Default test" finished-at="2025-08-04T10:50:34 IST" duration-ms="9227">
      <class name="demoPackage.LoginTest">
        <test-method is-config="true" signature="browserInitialization()[pri:0, instance:demoPackage.LoginTest@74f0ea28]" started-at="2025-08-04T10:50:25 IST" name="browserInitialization" finished-at="2025-08-04T10:50:33 IST" duration-ms="8198" status="PASS">
          <reporter-output>
          </reporter-output>
        </test-method> <!-- browserInitialization -->
        <test-method signature="loginUsernameIncorrectPasswordCorrect()[pri:0, instance:demoPackage.LoginTest@74f0ea28]" started-at="2025-08-04T10:50:33 IST" name="loginUsernameIncorrectPasswordCorrect" finished-at="2025-08-04T10:50:34 IST" duration-ms="892" status="PASS">
          <reporter-output>
          </reporter-output>
        </test-method> <!-- loginUsernameIncorrectPasswordCorrect -->
      </class> <!-- demoPackage.LoginTest -->
    </test> <!-- Default test -->
  </suite> <!-- Default suite -->
</testng-results>
